2025-04-14 23:16:45 - PHP Notice:  Undefined variable: log_error in /home/c/cioloo8s/lknl-dev.ru/public_html/system/storage/modification/admin/view/template/extension/modification.tpl on line 6
2025-04-14 23:16:45 - PHP Notice:  Undefined variable: button_log_error in /home/c/cioloo8s/lknl-dev.ru/public_html/system/storage/modification/admin/view/template/extension/modification.tpl on line 6
2025-04-14 23:16:45 - PHP Notice:  Undefined variable: files in /home/c/cioloo8s/lknl-dev.ru/public_html/system/storage/modification/admin/view/template/extension/modification.tpl on line 6
2025-04-14 23:16:45 - PHP Notice:  Undefined variable: button_files in /home/c/cioloo8s/lknl-dev.ru/public_html/system/storage/modification/admin/view/template/extension/modification.tpl on line 6
2025-04-14 23:16:45 - PHP Notice:  Undefined variable: new in /home/c/cioloo8s/lknl-dev.ru/public_html/system/storage/modification/admin/view/template/extension/modification.tpl on line 6
2025-04-14 23:16:45 - PHP Notice:  Undefined variable: button_new in /home/c/cioloo8s/lknl-dev.ru/public_html/system/storage/modification/admin/view/template/extension/modification.tpl on line 6
2025-04-14 23:16:45 - PHP Notice:  Undefined index: edit in /home/c/cioloo8s/lknl-dev.ru/public_html/system/storage/modification/admin/view/template/extension/modification.tpl on line 96
2025-04-14 23:16:45 - PHP Notice:  Undefined variable: button_edit in /home/c/cioloo8s/lknl-dev.ru/public_html/system/storage/modification/admin/view/template/extension/modification.tpl on line 96
2025-04-14 23:16:45 - PHP Notice:  Undefined index: download in /home/c/cioloo8s/lknl-dev.ru/public_html/system/storage/modification/admin/view/template/extension/modification.tpl on line 97
2025-04-14 23:16:45 - PHP Notice:  Undefined variable: button_download in /home/c/cioloo8s/lknl-dev.ru/public_html/system/storage/modification/admin/view/template/extension/modification.tpl on line 97
2025-04-14 23:16:45 - PHP Notice:  Undefined index: edit in /home/c/cioloo8s/lknl-dev.ru/public_html/system/storage/modification/admin/view/template/extension/modification.tpl on line 96
2025-04-14 23:16:45 - PHP Notice:  Undefined variable: button_edit in /home/c/cioloo8s/lknl-dev.ru/public_html/system/storage/modification/admin/view/template/extension/modification.tpl on line 96
2025-04-14 23:16:45 - PHP Notice:  Undefined index: download in /home/c/cioloo8s/lknl-dev.ru/public_html/system/storage/modification/admin/view/template/extension/modification.tpl on line 97
2025-04-14 23:16:45 - PHP Notice:  Undefined variable: button_download in /home/c/cioloo8s/lknl-dev.ru/public_html/system/storage/modification/admin/view/template/extension/modification.tpl on line 97
2025-04-14 23:16:45 - PHP Notice:  Undefined index: edit in /home/c/cioloo8s/lknl-dev.ru/public_html/system/storage/modification/admin/view/template/extension/modification.tpl on line 96
2025-04-14 23:16:45 - PHP Notice:  Undefined variable: button_edit in /home/c/cioloo8s/lknl-dev.ru/public_html/system/storage/modification/admin/view/template/extension/modification.tpl on line 96
2025-04-14 23:16:45 - PHP Notice:  Undefined index: download in /home/c/cioloo8s/lknl-dev.ru/public_html/system/storage/modification/admin/view/template/extension/modification.tpl on line 97
2025-04-14 23:16:45 - PHP Notice:  Undefined variable: button_download in /home/c/cioloo8s/lknl-dev.ru/public_html/system/storage/modification/admin/view/template/extension/modification.tpl on line 97
2025-04-14 23:16:45 - PHP Notice:  Undefined index: edit in /home/c/cioloo8s/lknl-dev.ru/public_html/system/storage/modification/admin/view/template/extension/modification.tpl on line 96
2025-04-14 23:16:45 - PHP Notice:  Undefined variable: button_edit in /home/c/cioloo8s/lknl-dev.ru/public_html/system/storage/modification/admin/view/template/extension/modification.tpl on line 96
2025-04-14 23:16:45 - PHP Notice:  Undefined index: download in /home/c/cioloo8s/lknl-dev.ru/public_html/system/storage/modification/admin/view/template/extension/modification.tpl on line 97
2025-04-14 23:16:45 - PHP Notice:  Undefined variable: button_download in /home/c/cioloo8s/lknl-dev.ru/public_html/system/storage/modification/admin/view/template/extension/modification.tpl on line 97
